ncverilog(64): 15.20-s085: (c) Copyright 1995-2020 Cadence Design Systems, Inc.
TOOL:	ncverilog	15.20-s085: Started on Nov 18, 2021 at 12:19:52 IST
ncverilog
	+access+rw
	fifo_tb.v
	fifo.v
SOFTINCLUDE $EMXHOME/emxinterface/cds.lib
|
ncverilog: *W,DLCVAR (/tools/cadence/IC/local/cds.lib,13): cds.lib Invalid environment variable ''.
DEFINE Cadence_libs ./Cadence_libs
|
ncverilog: *W,DLCPTH (/tools/cadence/IC/local/cds.lib,15): cds.lib Permission denied '/tools/cadence/IC/local/Cadence_libs' (cds.lib command ignored).
ASSIGN Cadence_libs COMBINE analogLib rfLib rfExamples ahdlLib passiveLib basic US_8ths
|
ncverilog: *W,DLCLIB (/tools/cadence/IC/local/cds.lib,16): cds.lib Library not defined 'Cadence_libs' (cds.lib command ignored).
SOFTINCLUDE $EMXHOME/emxinterface/cds.lib
|
ncverilog: *W,DLCVAR (/tools/cadence/IC/local/cds.lib,13): cds.lib Invalid environment variable ''.
DEFINE Cadence_libs ./Cadence_libs
|
ncverilog: *W,DLCPTH (/tools/cadence/IC/local/cds.lib,15): cds.lib Permission denied '/tools/cadence/IC/local/Cadence_libs' (cds.lib command ignored).
ASSIGN Cadence_libs COMBINE analogLib rfLib rfExamples ahdlLib passiveLib basic US_8ths
|
ncverilog: *W,DLCLIB (/tools/cadence/IC/local/cds.lib,16): cds.lib Library not defined 'Cadence_libs' (cds.lib command ignored).
SOFTINCLUDE $EMXHOME/emxinterface/cds.lib
|
ncverilog: *W,DLCVAR (/tools/cadence/IC/local/cds.lib,13): cds.lib Invalid environment variable ''.
DEFINE Cadence_libs ./Cadence_libs
|
ncverilog: *W,DLCPTH (/tools/cadence/IC/local/cds.lib,15): cds.lib Permission denied '/tools/cadence/IC/local/Cadence_libs' (cds.lib command ignored).
ASSIGN Cadence_libs COMBINE analogLib rfLib rfExamples ahdlLib passiveLib basic US_8ths
|
ncverilog: *W,DLCLIB (/tools/cadence/IC/local/cds.lib,16): cds.lib Library not defined 'Cadence_libs' (cds.lib command ignored).
SOFTINCLUDE $EMXHOME/emxinterface/cds.lib
|
ncverilog: *W,DLCVAR (/tools/cadence/IC/local/cds.lib,13): cds.lib Invalid environment variable ''.
DEFINE Cadence_libs ./Cadence_libs
|
ncverilog: *W,DLCPTH (/tools/cadence/IC/local/cds.lib,15): cds.lib Permission denied '/tools/cadence/IC/local/Cadence_libs' (cds.lib command ignored).
ASSIGN Cadence_libs COMBINE analogLib rfLib rfExamples ahdlLib passiveLib basic US_8ths
|
ncverilog: *W,DLCLIB (/tools/cadence/IC/local/cds.lib,16): cds.lib Library not defined 'Cadence_libs' (cds.lib command ignored).
SOFTINCLUDE $EMXHOME/emxinterface/cds.lib
|
ncverilog: *W,DLCVAR (/tools/cadence/IC/local/cds.lib,13): cds.lib Invalid environment variable ''.
DEFINE Cadence_libs ./Cadence_libs
|
ncverilog: *W,DLCPTH (/tools/cadence/IC/local/cds.lib,15): cds.lib Permission denied '/tools/cadence/IC/local/Cadence_libs' (cds.lib command ignored).
ASSIGN Cadence_libs COMBINE analogLib rfLib rfExamples ahdlLib passiveLib basic US_8ths
|
ncverilog: *W,DLCLIB (/tools/cadence/IC/local/cds.lib,16): cds.lib Library not defined 'Cadence_libs' (cds.lib command ignored).
SOFTINCLUDE $EMXHOME/emxinterface/cds.lib
|
ncverilog: *W,DLCVAR (/tools/cadence/IC/local/cds.lib,13): cds.lib Invalid environment variable ''.
DEFINE Cadence_libs ./Cadence_libs
|
ncverilog: *W,DLCPTH (/tools/cadence/IC/local/cds.lib,15): cds.lib Permission denied '/tools/cadence/IC/local/Cadence_libs' (cds.lib command ignored).
ASSIGN Cadence_libs COMBINE analogLib rfLib rfExamples ahdlLib passiveLib basic US_8ths
|
ncverilog: *W,DLCLIB (/tools/cadence/IC/local/cds.lib,16): cds.lib Library not defined 'Cadence_libs' (cds.lib command ignored).
SOFTINCLUDE $EMXHOME/emxinterface/cds.lib
|
ncsim: *W,DLCVAR (/tools/cadence/IC/local/cds.lib,13): cds.lib Invalid environment variable ''.
DEFINE Cadence_libs ./Cadence_libs
|
ncsim: *W,DLCPTH (/tools/cadence/IC/local/cds.lib,15): cds.lib Permission denied '/tools/cadence/IC/local/Cadence_libs' (cds.lib command ignored).
ASSIGN Cadence_libs COMBINE analogLib rfLib rfExamples ahdlLib passiveLib basic US_8ths
|
ncsim: *W,DLCLIB (/tools/cadence/IC/local/cds.lib,16): cds.lib Library not defined 'Cadence_libs' (cds.lib command ignored).
Loading snapshot worklib.main:v .................... Done
ncsim> source /tools/cadence/INCISIVE/15.20.085/tools/inca/files/ncsimrc
ncsim> run
time=                   0: reset 1, in 00, out xx, push 0, pop 0, full 0

time=                   5: reset 1, in 00, out 00, push 0, pop 0, full 0

time=                  10: reset 0, in 11, out 00, push 1, pop 0, full 0

time=                  20: reset 0, in 01, out 00, push 1, pop 0, full 0

time=                  25: reset 0, in 01, out 11, push 1, pop 0, full 0

time=                  30: reset 0, in 10, out 11, push 1, pop 0, full 0

time=                  40: reset 0, in 01, out 11, push 1, pop 1, full 0

time=                  50: reset 0, in 11, out 11, push 1, pop 0, full 0

time=                  55: reset 0, in 11, out 01, push 1, pop 0, full 1

time=                  60: reset 0, in 01, out 01, push 0, pop 1, full 1

time=                  65: reset 0, in 01, out 01, push 0, pop 1, full 0

time=                  70: reset 0, in 10, out 01, push 1, pop 0, full 0

time=                  75: reset 0, in 10, out 10, push 1, pop 0, full 1

time=                  80: reset 0, in 01, out 10, push 1, pop 0, full 1

time=                  90: reset 0, in 01, out 10, push 1, pop 1, full 1

time=                 100: reset 0, in 01, out 10, push 0, pop 0, full 1

time=                 105: reset 0, in 01, out 01, push 0, pop 0, full 1

PASSED ALL TESTS
Simulation complete via $finish(1) at time 130 NS + 0
./fifo_tb.v:61 	$finish;
ncsim> exit
TOOL:	ncverilog	15.20-s085: Exiting on Nov 18, 2021 at 12:19:52 IST  (total: 00:00:00)
